2025-05-24 04:38:30,630 - UnifiedExtractionPipeline - INFO - Starting unified extraction pipeline for 3 stores
2025-05-24 04:38:30,630 - UnifiedExtractionPipeline - INFO - === Processing SHOPIFY stores ===
2025-05-24 04:38:38,618 - ShopifyA2AAgent - INFO - Selenium WebDriver initialized successfully
2025-05-24 04:38:38,618 - UnifiedExtractionPipeline - INFO - Extracting from allbirds.com (shopify)
2025-05-24 04:38:38,618 - ShopifyA2AAgent - INFO - Starting Shopify extraction for allbirds.com
2025-05-24 04:38:38,618 - ShopifyA2AAgent - INFO - Fetching Shopify page 1 from allbirds.com
2025-05-24 04:38:41,545 - ShopifyA2AAgent - INFO - Fetching Shopify page 2 from allbirds.com
2025-05-24 04:38:44,249 - ShopifyA2AAgent - INFO - Fetching Shopify page 3 from allbirds.com
2025-05-24 04:38:44,470 - ShopifyA2AAgent - INFO - Shopify extraction completed for allbirds.com: 5248 products
2025-05-24 04:38:47,480 - UnifiedExtractionPipeline - INFO - Extracting from gymshark.com (shopify)
2025-05-24 04:38:47,480 - ShopifyA2AAgent - INFO - Starting Shopify extraction for gymshark.com
2025-05-24 04:38:47,481 - ShopifyA2AAgent - INFO - Fetching Shopify page 1 from gymshark.com
2025-05-24 04:38:50,133 - ShopifyA2AAgent - INFO - Fetching Shopify page 2 from gymshark.com
2025-05-24 04:38:52,586 - ShopifyA2AAgent - INFO - Fetching Shopify page 3 from gymshark.com
2025-05-24 04:38:55,104 - ShopifyA2AAgent - INFO - Fetching Shopify page 4 from gymshark.com
2025-05-24 04:38:57,745 - ShopifyA2AAgent - INFO - Fetching Shopify page 5 from gymshark.com
2025-05-24 04:39:00,825 - ShopifyA2AAgent - INFO - Fetching Shopify page 6 from gymshark.com
2025-05-24 04:39:03,663 - ShopifyA2AAgent - INFO - Fetching Shopify page 7 from gymshark.com
2025-05-24 04:39:06,818 - ShopifyA2AAgent - INFO - Fetching Shopify page 8 from gymshark.com
2025-05-24 04:39:09,688 - ShopifyA2AAgent - INFO - Fetching Shopify page 9 from gymshark.com
2025-05-24 04:39:12,358 - ShopifyA2AAgent - INFO - Fetching Shopify page 10 from gymshark.com
2025-05-24 04:39:15,154 - ShopifyA2AAgent - INFO - Fetching Shopify page 11 from gymshark.com
2025-05-24 04:39:17,849 - ShopifyA2AAgent - INFO - Fetching Shopify page 12 from gymshark.com
2025-05-24 04:39:20,560 - ShopifyA2AAgent - INFO - Fetching Shopify page 13 from gymshark.com
2025-05-24 04:39:23,233 - ShopifyA2AAgent - INFO - Fetching Shopify page 14 from gymshark.com
2025-05-24 04:39:25,858 - ShopifyA2AAgent - INFO - Fetching Shopify page 15 from gymshark.com
2025-05-24 04:39:28,505 - ShopifyA2AAgent - INFO - Fetching Shopify page 16 from gymshark.com
2025-05-24 04:39:31,104 - ShopifyA2AAgent - INFO - Fetching Shopify page 17 from gymshark.com
2025-05-24 04:39:33,579 - ShopifyA2AAgent - INFO - Fetching Shopify page 18 from gymshark.com
2025-05-24 04:39:36,178 - ShopifyA2AAgent - INFO - Fetching Shopify page 19 from gymshark.com
2025-05-24 04:39:38,836 - ShopifyA2AAgent - INFO - Fetching Shopify page 20 from gymshark.com
2025-05-24 04:39:41,536 - ShopifyA2AAgent - INFO - Shopify extraction completed for gymshark.com: 31951 products
2025-05-24 04:39:46,727 - UnifiedExtractionPipeline - INFO - === Processing WOOCOMMERCE stores ===
2025-05-24 04:39:49,474 - WooCommerceA2AAgent - INFO - Selenium WebDriver initialized successfully
2025-05-24 04:39:49,474 - UnifiedExtractionPipeline - INFO - Extracting from barefootbuttons.com (woocommerce)
2025-05-24 04:39:49,475 - WooCommerceA2AAgent - INFO - Starting WooCommerce extraction for barefootbuttons.com
2025-05-24 04:39:49,475 - WooCommerceA2AAgent - INFO - Using HTML scraping for WooCommerce store: barefootbuttons.com
2025-05-24 04:39:50,931 - WooCommerceA2AAgent - INFO - Scraping WooCommerce page 1
2025-05-24 04:39:53,264 - WooCommerceA2AAgent - ERROR - Error scraping product link: Message: stale element reference: stale element not found
  (Session info: chrome=136.0.7103.114); For documentation on this error, please visit: https://www.selenium.dev/documentation/webdriver/troubleshooting/errors#stale-element-reference-exception
Stacktrace:
	GetHandleVerifier [0x00007FF76085CF45+75717]
	GetHandleVerifier [0x00007FF76085CFA0+75808]
	(No symbol) [0x00007FF760628F9A]
	(No symbol) [0x00007FF76063F3D4]
	(No symbol) [0x00007FF76063DEA3]
	(No symbol) [0x00007FF7606316C9]
	(No symbol) [0x00007FF760631843]
	(No symbol) [0x00007FF76062F54F]
	(No symbol) [0x00007FF760633D51]
	(No symbol) [0x00007FF7606D05F8]
	(No symbol) [0x00007FF7606A737A]
	(No symbol) [0x00007FF7606CF39C]
	(No symbol) [0x00007FF7606A7153]
	(No symbol) [0x00007FF760670421]
	(No symbol) [0x00007FF7606711B3]
	GetHandleVerifier [0x00007FF760B5D71D+3223453]
	GetHandleVerifier [0x00007FF760B57CC2+3200322]
	GetHandleVerifier [0x00007FF760B75AF3+3322739]
	GetHandleVerifier [0x00007FF760876A1A+180890]
	GetHandleVerifier [0x00007FF76087E11F+211359]
	GetHandleVerifier [0x00007FF760865294+109332]
	GetHandleVerifier [0x00007FF760865442+109762]
	GetHandleVerifier [0x00007FF76084BA59+4825]
	BaseThreadInitThunk [0x00007FFB3DD7E8D7+23]
	RtlUserThreadStart [0x00007FFB3F2DC5DC+44]

2025-05-24 04:39:53,269 - WooCommerceA2AAgent - ERROR - Error scraping product link: Message: stale element reference: stale element not found
  (Session info: chrome=136.0.7103.114); For documentation on this error, please visit: https://www.selenium.dev/documentation/webdriver/troubleshooting/errors#stale-element-reference-exception
Stacktrace:
	GetHandleVerifier [0x00007FF76085CF45+75717]
	GetHandleVerifier [0x00007FF76085CFA0+75808]
	(No symbol) [0x00007FF760628F9A]
	(No symbol) [0x00007FF76063F3D4]
	(No symbol) [0x00007FF76063DEA3]
	(No symbol) [0x00007FF7606316C9]
	(No symbol) [0x00007FF760631843]
	(No symbol) [0x00007FF76062F54F]
	(No symbol) [0x00007FF760633D51]
	(No symbol) [0x00007FF7606D05F8]
	(No symbol) [0x00007FF7606A737A]
	(No symbol) [0x00007FF7606CF39C]
	(No symbol) [0x00007FF7606A7153]
	(No symbol) [0x00007FF760670421]
	(No symbol) [0x00007FF7606711B3]
	GetHandleVerifier [0x00007FF760B5D71D+3223453]
	GetHandleVerifier [0x00007FF760B57CC2+3200322]
	GetHandleVerifier [0x00007FF760B75AF3+3322739]
	GetHandleVerifier [0x00007FF760876A1A+180890]
	GetHandleVerifier [0x00007FF76087E11F+211359]
	GetHandleVerifier [0x00007FF760865294+109332]
	GetHandleVerifier [0x00007FF760865442+109762]
	GetHandleVerifier [0x00007FF76084BA59+4825]
	BaseThreadInitThunk [0x00007FFB3DD7E8D7+23]
	RtlUserThreadStart [0x00007FFB3F2DC5DC+44]

2025-05-24 04:39:53,272 - WooCommerceA2AAgent - ERROR - Error scraping product link: Message: stale element reference: stale element not found
  (Session info: chrome=136.0.7103.114); For documentation on this error, please visit: https://www.selenium.dev/documentation/webdriver/troubleshooting/errors#stale-element-reference-exception
Stacktrace:
	GetHandleVerifier [0x00007FF76085CF45+75717]
	GetHandleVerifier [0x00007FF76085CFA0+75808]
	(No symbol) [0x00007FF760628F9A]
	(No symbol) [0x00007FF76063F3D4]
	(No symbol) [0x00007FF76063DEA3]
	(No symbol) [0x00007FF7606316C9]
	(No symbol) [0x00007FF760631843]
	(No symbol) [0x00007FF76062F54F]
	(No symbol) [0x00007FF760633D51]
	(No symbol) [0x00007FF7606D05F8]
	(No symbol) [0x00007FF7606A737A]
	(No symbol) [0x00007FF7606CF39C]
	(No symbol) [0x00007FF7606A7153]
	(No symbol) [0x00007FF760670421]
	(No symbol) [0x00007FF7606711B3]
	GetHandleVerifier [0x00007FF760B5D71D+3223453]
	GetHandleVerifier [0x00007FF760B57CC2+3200322]
	GetHandleVerifier [0x00007FF760B75AF3+3322739]
	GetHandleVerifier [0x00007FF760876A1A+180890]
	GetHandleVerifier [0x00007FF76087E11F+211359]
	GetHandleVerifier [0x00007FF760865294+109332]
	GetHandleVerifier [0x00007FF760865442+109762]
	GetHandleVerifier [0x00007FF76084BA59+4825]
	BaseThreadInitThunk [0x00007FFB3DD7E8D7+23]
	RtlUserThreadStart [0x00007FFB3F2DC5DC+44]

2025-05-24 04:39:53,275 - WooCommerceA2AAgent - ERROR - Error scraping product link: Message: stale element reference: stale element not found
  (Session info: chrome=136.0.7103.114); For documentation on this error, please visit: https://www.selenium.dev/documentation/webdriver/troubleshooting/errors#stale-element-reference-exception
Stacktrace:
	GetHandleVerifier [0x00007FF76085CF45+75717]
	GetHandleVerifier [0x00007FF76085CFA0+75808]
	(No symbol) [0x00007FF760628F9A]
	(No symbol) [0x00007FF76063F3D4]
	(No symbol) [0x00007FF76063DEA3]
	(No symbol) [0x00007FF7606316C9]
	(No symbol) [0x00007FF760631843]
	(No symbol) [0x00007FF76062F54F]
	(No symbol) [0x00007FF760633D51]
	(No symbol) [0x00007FF7606D05F8]
	(No symbol) [0x00007FF7606A737A]
	(No symbol) [0x00007FF7606CF39C]
	(No symbol) [0x00007FF7606A7153]
	(No symbol) [0x00007FF760670421]
	(No symbol) [0x00007FF7606711B3]
	GetHandleVerifier [0x00007FF760B5D71D+3223453]
	GetHandleVerifier [0x00007FF760B57CC2+3200322]
	GetHandleVerifier [0x00007FF760B75AF3+3322739]
	GetHandleVerifier [0x00007FF760876A1A+180890]
	GetHandleVerifier [0x00007FF76087E11F+211359]
	GetHandleVerifier [0x00007FF760865294+109332]
	GetHandleVerifier [0x00007FF760865442+109762]
	GetHandleVerifier [0x00007FF76084BA59+4825]
	BaseThreadInitThunk [0x00007FFB3DD7E8D7+23]
	RtlUserThreadStart [0x00007FFB3F2DC5DC+44]

2025-05-24 04:39:53,279 - WooCommerceA2AAgent - ERROR - Error scraping product link: Message: stale element reference: stale element not found
  (Session info: chrome=136.0.7103.114); For documentation on this error, please visit: https://www.selenium.dev/documentation/webdriver/troubleshooting/errors#stale-element-reference-exception
Stacktrace:
	GetHandleVerifier [0x00007FF76085CF45+75717]
	GetHandleVerifier [0x00007FF76085CFA0+75808]
	(No symbol) [0x00007FF760628F9A]
	(No symbol) [0x00007FF76063F3D4]
	(No symbol) [0x00007FF76063DEA3]
	(No symbol) [0x00007FF7606316C9]
	(No symbol) [0x00007FF760631843]
	(No symbol) [0x00007FF76062F54F]
	(No symbol) [0x00007FF760633D51]
	(No symbol) [0x00007FF7606D05F8]
	(No symbol) [0x00007FF7606A737A]
	(No symbol) [0x00007FF7606CF39C]
	(No symbol) [0x00007FF7606A7153]
	(No symbol) [0x00007FF760670421]
	(No symbol) [0x00007FF7606711B3]
	GetHandleVerifier [0x00007FF760B5D71D+3223453]
	GetHandleVerifier [0x00007FF760B57CC2+3200322]
	GetHandleVerifier [0x00007FF760B75AF3+3322739]
	GetHandleVerifier [0x00007FF760876A1A+180890]
	GetHandleVerifier [0x00007FF76087E11F+211359]
	GetHandleVerifier [0x00007FF760865294+109332]
	GetHandleVerifier [0x00007FF760865442+109762]
	GetHandleVerifier [0x00007FF76084BA59+4825]
	BaseThreadInitThunk [0x00007FFB3DD7E8D7+23]
	RtlUserThreadStart [0x00007FFB3F2DC5DC+44]

2025-05-24 04:39:53,283 - WooCommerceA2AAgent - ERROR - Error scraping product link: Message: stale element reference: stale element not found
  (Session info: chrome=136.0.7103.114); For documentation on this error, please visit: https://www.selenium.dev/documentation/webdriver/troubleshooting/errors#stale-element-reference-exception
Stacktrace:
	GetHandleVerifier [0x00007FF76085CF45+75717]
	GetHandleVerifier [0x00007FF76085CFA0+75808]
	(No symbol) [0x00007FF760628F9A]
	(No symbol) [0x00007FF76063F3D4]
	(No symbol) [0x00007FF76063DEA3]
	(No symbol) [0x00007FF7606316C9]
	(No symbol) [0x00007FF760631843]
	(No symbol) [0x00007FF76062F54F]
	(No symbol) [0x00007FF760633D51]
	(No symbol) [0x00007FF7606D05F8]
	(No symbol) [0x00007FF7606A737A]
	(No symbol) [0x00007FF7606CF39C]
	(No symbol) [0x00007FF7606A7153]
	(No symbol) [0x00007FF760670421]
	(No symbol) [0x00007FF7606711B3]
	GetHandleVerifier [0x00007FF760B5D71D+3223453]
	GetHandleVerifier [0x00007FF760B57CC2+3200322]
	GetHandleVerifier [0x00007FF760B75AF3+3322739]
	GetHandleVerifier [0x00007FF760876A1A+180890]
	GetHandleVerifier [0x00007FF76087E11F+211359]
	GetHandleVerifier [0x00007FF760865294+109332]
	GetHandleVerifier [0x00007FF760865442+109762]
	GetHandleVerifier [0x00007FF76084BA59+4825]
	BaseThreadInitThunk [0x00007FFB3DD7E8D7+23]
	RtlUserThreadStart [0x00007FFB3F2DC5DC+44]

2025-05-24 04:39:53,286 - WooCommerceA2AAgent - ERROR - Error scraping product link: Message: stale element reference: stale element not found
  (Session info: chrome=136.0.7103.114); For documentation on this error, please visit: https://www.selenium.dev/documentation/webdriver/troubleshooting/errors#stale-element-reference-exception
Stacktrace:
	GetHandleVerifier [0x00007FF76085CF45+75717]
	GetHandleVerifier [0x00007FF76085CFA0+75808]
	(No symbol) [0x00007FF760628F9A]
	(No symbol) [0x00007FF76063F3D4]
	(No symbol) [0x00007FF76063DEA3]
	(No symbol) [0x00007FF7606316C9]
	(No symbol) [0x00007FF760631843]
	(No symbol) [0x00007FF76062F54F]
	(No symbol) [0x00007FF760633D51]
	(No symbol) [0x00007FF7606D05F8]
	(No symbol) [0x00007FF7606A737A]
	(No symbol) [0x00007FF7606CF39C]
	(No symbol) [0x00007FF7606A7153]
	(No symbol) [0x00007FF760670421]
	(No symbol) [0x00007FF7606711B3]
	GetHandleVerifier [0x00007FF760B5D71D+3223453]
	GetHandleVerifier [0x00007FF760B57CC2+3200322]
	GetHandleVerifier [0x00007FF760B75AF3+3322739]
	GetHandleVerifier [0x00007FF760876A1A+180890]
	GetHandleVerifier [0x00007FF76087E11F+211359]
	GetHandleVerifier [0x00007FF760865294+109332]
	GetHandleVerifier [0x00007FF760865442+109762]
	GetHandleVerifier [0x00007FF76084BA59+4825]
	BaseThreadInitThunk [0x00007FFB3DD7E8D7+23]
	RtlUserThreadStart [0x00007FFB3F2DC5DC+44]

2025-05-24 04:39:53,291 - WooCommerceA2AAgent - ERROR - Error scraping product link: Message: stale element reference: stale element not found
  (Session info: chrome=136.0.7103.114); For documentation on this error, please visit: https://www.selenium.dev/documentation/webdriver/troubleshooting/errors#stale-element-reference-exception
Stacktrace:
	GetHandleVerifier [0x00007FF76085CF45+75717]
	GetHandleVerifier [0x00007FF76085CFA0+75808]
	(No symbol) [0x00007FF760628F9A]
	(No symbol) [0x00007FF76063F3D4]
	(No symbol) [0x00007FF76063DEA3]
	(No symbol) [0x00007FF7606316C9]
	(No symbol) [0x00007FF760631843]
	(No symbol) [0x00007FF76062F54F]
	(No symbol) [0x00007FF760633D51]
	(No symbol) [0x00007FF7606D05F8]
	(No symbol) [0x00007FF7606A737A]
	(No symbol) [0x00007FF7606CF39C]
	(No symbol) [0x00007FF7606A7153]
	(No symbol) [0x00007FF760670421]
	(No symbol) [0x00007FF7606711B3]
	GetHandleVerifier [0x00007FF760B5D71D+3223453]
	GetHandleVerifier [0x00007FF760B57CC2+3200322]
	GetHandleVerifier [0x00007FF760B75AF3+3322739]
	GetHandleVerifier [0x00007FF760876A1A+180890]
	GetHandleVerifier [0x00007FF76087E11F+211359]
	GetHandleVerifier [0x00007FF760865294+109332]
	GetHandleVerifier [0x00007FF760865442+109762]
	GetHandleVerifier [0x00007FF76084BA59+4825]
	BaseThreadInitThunk [0x00007FFB3DD7E8D7+23]
	RtlUserThreadStart [0x00007FFB3F2DC5DC+44]

2025-05-24 04:39:53,295 - WooCommerceA2AAgent - ERROR - Error scraping product link: Message: stale element reference: stale element not found
  (Session info: chrome=136.0.7103.114); For documentation on this error, please visit: https://www.selenium.dev/documentation/webdriver/troubleshooting/errors#stale-element-reference-exception
Stacktrace:
	GetHandleVerifier [0x00007FF76085CF45+75717]
	GetHandleVerifier [0x00007FF76085CFA0+75808]
	(No symbol) [0x00007FF760628F9A]
	(No symbol) [0x00007FF76063F3D4]
	(No symbol) [0x00007FF76063DEA3]
	(No symbol) [0x00007FF7606316C9]
	(No symbol) [0x00007FF760631843]
	(No symbol) [0x00007FF76062F54F]
	(No symbol) [0x00007FF760633D51]
	(No symbol) [0x00007FF7606D05F8]
	(No symbol) [0x00007FF7606A737A]
	(No symbol) [0x00007FF7606CF39C]
	(No symbol) [0x00007FF7606A7153]
	(No symbol) [0x00007FF760670421]
	(No symbol) [0x00007FF7606711B3]
	GetHandleVerifier [0x00007FF760B5D71D+3223453]
	GetHandleVerifier [0x00007FF760B57CC2+3200322]
	GetHandleVerifier [0x00007FF760B75AF3+3322739]
	GetHandleVerifier [0x00007FF760876A1A+180890]
	GetHandleVerifier [0x00007FF76087E11F+211359]
	GetHandleVerifier [0x00007FF760865294+109332]
	GetHandleVerifier [0x00007FF760865442+109762]
	GetHandleVerifier [0x00007FF76084BA59+4825]
	BaseThreadInitThunk [0x00007FFB3DD7E8D7+23]
	RtlUserThreadStart [0x00007FFB3F2DC5DC+44]

2025-05-24 04:39:53,298 - WooCommerceA2AAgent - ERROR - Error scraping product link: Message: stale element reference: stale element not found
  (Session info: chrome=136.0.7103.114); For documentation on this error, please visit: https://www.selenium.dev/documentation/webdriver/troubleshooting/errors#stale-element-reference-exception
Stacktrace:
	GetHandleVerifier [0x00007FF76085CF45+75717]
	GetHandleVerifier [0x00007FF76085CFA0+75808]
	(No symbol) [0x00007FF760628F9A]
	(No symbol) [0x00007FF76063F3D4]
	(No symbol) [0x00007FF76063DEA3]
	(No symbol) [0x00007FF7606316C9]
	(No symbol) [0x00007FF760631843]
	(No symbol) [0x00007FF76062F54F]
	(No symbol) [0x00007FF760633D51]
	(No symbol) [0x00007FF7606D05F8]
	(No symbol) [0x00007FF7606A737A]
	(No symbol) [0x00007FF7606CF39C]
	(No symbol) [0x00007FF7606A7153]
	(No symbol) [0x00007FF760670421]
	(No symbol) [0x00007FF7606711B3]
	GetHandleVerifier [0x00007FF760B5D71D+3223453]
	GetHandleVerifier [0x00007FF760B57CC2+3200322]
	GetHandleVerifier [0x00007FF760B75AF3+3322739]
	GetHandleVerifier [0x00007FF760876A1A+180890]
	GetHandleVerifier [0x00007FF76087E11F+211359]
	GetHandleVerifier [0x00007FF760865294+109332]
	GetHandleVerifier [0x00007FF760865442+109762]
	GetHandleVerifier [0x00007FF76084BA59+4825]
	BaseThreadInitThunk [0x00007FFB3DD7E8D7+23]
	RtlUserThreadStart [0x00007FFB3F2DC5DC+44]

2025-05-24 04:39:53,304 - WooCommerceA2AAgent - ERROR - Error scraping product link: Message: stale element reference: stale element not found
  (Session info: chrome=136.0.7103.114); For documentation on this error, please visit: https://www.selenium.dev/documentation/webdriver/troubleshooting/errors#stale-element-reference-exception
Stacktrace:
	GetHandleVerifier [0x00007FF76085CF45+75717]
	GetHandleVerifier [0x00007FF76085CFA0+75808]
	(No symbol) [0x00007FF760628F9A]
	(No symbol) [0x00007FF76063F3D4]
	(No symbol) [0x00007FF76063DEA3]
	(No symbol) [0x00007FF7606316C9]
	(No symbol) [0x00007FF760631843]
	(No symbol) [0x00007FF76062F54F]
	(No symbol) [0x00007FF760633D51]
	(No symbol) [0x00007FF7606D05F8]
	(No symbol) [0x00007FF7606A737A]
	(No symbol) [0x00007FF7606CF39C]
	(No symbol) [0x00007FF7606A7153]
	(No symbol) [0x00007FF760670421]
	(No symbol) [0x00007FF7606711B3]
	GetHandleVerifier [0x00007FF760B5D71D+3223453]
	GetHandleVerifier [0x00007FF760B57CC2+3200322]
	GetHandleVerifier [0x00007FF760B75AF3+3322739]
	GetHandleVerifier [0x00007FF760876A1A+180890]
	GetHandleVerifier [0x00007FF76087E11F+211359]
	GetHandleVerifier [0x00007FF760865294+109332]
	GetHandleVerifier [0x00007FF760865442+109762]
	GetHandleVerifier [0x00007FF76084BA59+4825]
	BaseThreadInitThunk [0x00007FFB3DD7E8D7+23]
	RtlUserThreadStart [0x00007FFB3F2DC5DC+44]

2025-05-24 04:39:53,311 - WooCommerceA2AAgent - ERROR - Error scraping product link: Message: stale element reference: stale element not found
  (Session info: chrome=136.0.7103.114); For documentation on this error, please visit: https://www.selenium.dev/documentation/webdriver/troubleshooting/errors#stale-element-reference-exception
Stacktrace:
	GetHandleVerifier [0x00007FF76085CF45+75717]
	GetHandleVerifier [0x00007FF76085CFA0+75808]
	(No symbol) [0x00007FF760628F9A]
	(No symbol) [0x00007FF76063F3D4]
	(No symbol) [0x00007FF76063DEA3]
	(No symbol) [0x00007FF7606316C9]
	(No symbol) [0x00007FF760631843]
	(No symbol) [0x00007FF76062F54F]
	(No symbol) [0x00007FF760633D51]
	(No symbol) [0x00007FF7606D05F8]
	(No symbol) [0x00007FF7606A737A]
	(No symbol) [0x00007FF7606CF39C]
	(No symbol) [0x00007FF7606A7153]
	(No symbol) [0x00007FF760670421]
	(No symbol) [0x00007FF7606711B3]
	GetHandleVerifier [0x00007FF760B5D71D+3223453]
	GetHandleVerifier [0x00007FF760B57CC2+3200322]
	GetHandleVerifier [0x00007FF760B75AF3+3322739]
	GetHandleVerifier [0x00007FF760876A1A+180890]
	GetHandleVerifier [0x00007FF76087E11F+211359]
	GetHandleVerifier [0x00007FF760865294+109332]
	GetHandleVerifier [0x00007FF760865442+109762]
	GetHandleVerifier [0x00007FF76084BA59+4825]
	BaseThreadInitThunk [0x00007FFB3DD7E8D7+23]
	RtlUserThreadStart [0x00007FFB3F2DC5DC+44]

2025-05-24 04:39:53,317 - WooCommerceA2AAgent - ERROR - Error scraping product link: Message: stale element reference: stale element not found
  (Session info: chrome=136.0.7103.114); For documentation on this error, please visit: https://www.selenium.dev/documentation/webdriver/troubleshooting/errors#stale-element-reference-exception
Stacktrace:
	GetHandleVerifier [0x00007FF76085CF45+75717]
	GetHandleVerifier [0x00007FF76085CFA0+75808]
	(No symbol) [0x00007FF760628F9A]
	(No symbol) [0x00007FF76063F3D4]
	(No symbol) [0x00007FF76063DEA3]
	(No symbol) [0x00007FF7606316C9]
	(No symbol) [0x00007FF760631843]
	(No symbol) [0x00007FF76062F54F]
	(No symbol) [0x00007FF760633D51]
	(No symbol) [0x00007FF7606D05F8]
	(No symbol) [0x00007FF7606A737A]
	(No symbol) [0x00007FF7606CF39C]
	(No symbol) [0x00007FF7606A7153]
	(No symbol) [0x00007FF760670421]
	(No symbol) [0x00007FF7606711B3]
	GetHandleVerifier [0x00007FF760B5D71D+3223453]
	GetHandleVerifier [0x00007FF760B57CC2+3200322]
	GetHandleVerifier [0x00007FF760B75AF3+3322739]
	GetHandleVerifier [0x00007FF760876A1A+180890]
	GetHandleVerifier [0x00007FF76087E11F+211359]
	GetHandleVerifier [0x00007FF760865294+109332]
	GetHandleVerifier [0x00007FF760865442+109762]
	GetHandleVerifier [0x00007FF76084BA59+4825]
	BaseThreadInitThunk [0x00007FFB3DD7E8D7+23]
	RtlUserThreadStart [0x00007FFB3F2DC5DC+44]

2025-05-24 04:39:53,320 - WooCommerceA2AAgent - ERROR - Error scraping product link: Message: stale element reference: stale element not found
  (Session info: chrome=136.0.7103.114); For documentation on this error, please visit: https://www.selenium.dev/documentation/webdriver/troubleshooting/errors#stale-element-reference-exception
Stacktrace:
	GetHandleVerifier [0x00007FF76085CF45+75717]
	GetHandleVerifier [0x00007FF76085CFA0+75808]
	(No symbol) [0x00007FF760628F9A]
	(No symbol) [0x00007FF76063F3D4]
	(No symbol) [0x00007FF76063DEA3]
	(No symbol) [0x00007FF7606316C9]
	(No symbol) [0x00007FF760631843]
	(No symbol) [0x00007FF76062F54F]
	(No symbol) [0x00007FF760633D51]
	(No symbol) [0x00007FF7606D05F8]
	(No symbol) [0x00007FF7606A737A]
	(No symbol) [0x00007FF7606CF39C]
	(No symbol) [0x00007FF7606A7153]
	(No symbol) [0x00007FF760670421]
	(No symbol) [0x00007FF7606711B3]
	GetHandleVerifier [0x00007FF760B5D71D+3223453]
	GetHandleVerifier [0x00007FF760B57CC2+3200322]
	GetHandleVerifier [0x00007FF760B75AF3+3322739]
	GetHandleVerifier [0x00007FF760876A1A+180890]
	GetHandleVerifier [0x00007FF76087E11F+211359]
	GetHandleVerifier [0x00007FF760865294+109332]
	GetHandleVerifier [0x00007FF760865442+109762]
	GetHandleVerifier [0x00007FF76084BA59+4825]
	BaseThreadInitThunk [0x00007FFB3DD7E8D7+23]
	RtlUserThreadStart [0x00007FFB3F2DC5DC+44]

2025-05-24 04:39:53,323 - WooCommerceA2AAgent - ERROR - Error scraping product link: Message: stale element reference: stale element not found
  (Session info: chrome=136.0.7103.114); For documentation on this error, please visit: https://www.selenium.dev/documentation/webdriver/troubleshooting/errors#stale-element-reference-exception
Stacktrace:
	GetHandleVerifier [0x00007FF76085CF45+75717]
	GetHandleVerifier [0x00007FF76085CFA0+75808]
	(No symbol) [0x00007FF760628F9A]
	(No symbol) [0x00007FF76063F3D4]
	(No symbol) [0x00007FF76063DEA3]
	(No symbol) [0x00007FF7606316C9]
	(No symbol) [0x00007FF760631843]
	(No symbol) [0x00007FF76062F54F]
	(No symbol) [0x00007FF760633D51]
	(No symbol) [0x00007FF7606D05F8]
	(No symbol) [0x00007FF7606A737A]
	(No symbol) [0x00007FF7606CF39C]
	(No symbol) [0x00007FF7606A7153]
	(No symbol) [0x00007FF760670421]
	(No symbol) [0x00007FF7606711B3]
	GetHandleVerifier [0x00007FF760B5D71D+3223453]
	GetHandleVerifier [0x00007FF760B57CC2+3200322]
	GetHandleVerifier [0x00007FF760B75AF3+3322739]
	GetHandleVerifier [0x00007FF760876A1A+180890]
	GetHandleVerifier [0x00007FF76087E11F+211359]
	GetHandleVerifier [0x00007FF760865294+109332]
	GetHandleVerifier [0x00007FF760865442+109762]
	GetHandleVerifier [0x00007FF76084BA59+4825]
	BaseThreadInitThunk [0x00007FFB3DD7E8D7+23]
	RtlUserThreadStart [0x00007FFB3F2DC5DC+44]

2025-05-24 04:39:53,330 - WooCommerceA2AAgent - ERROR - Error scraping product link: Message: stale element reference: stale element not found
  (Session info: chrome=136.0.7103.114); For documentation on this error, please visit: https://www.selenium.dev/documentation/webdriver/troubleshooting/errors#stale-element-reference-exception
Stacktrace:
	GetHandleVerifier [0x00007FF76085CF45+75717]
	GetHandleVerifier [0x00007FF76085CFA0+75808]
	(No symbol) [0x00007FF760628F9A]
	(No symbol) [0x00007FF76063F3D4]
	(No symbol) [0x00007FF76063DEA3]
	(No symbol) [0x00007FF7606316C9]
	(No symbol) [0x00007FF760631843]
	(No symbol) [0x00007FF76062F54F]
	(No symbol) [0x00007FF760633D51]
	(No symbol) [0x00007FF7606D05F8]
	(No symbol) [0x00007FF7606A737A]
	(No symbol) [0x00007FF7606CF39C]
	(No symbol) [0x00007FF7606A7153]
	(No symbol) [0x00007FF760670421]
	(No symbol) [0x00007FF7606711B3]
	GetHandleVerifier [0x00007FF760B5D71D+3223453]
	GetHandleVerifier [0x00007FF760B57CC2+3200322]
	GetHandleVerifier [0x00007FF760B75AF3+3322739]
	GetHandleVerifier [0x00007FF760876A1A+180890]
	GetHandleVerifier [0x00007FF76087E11F+211359]
	GetHandleVerifier [0x00007FF760865294+109332]
	GetHandleVerifier [0x00007FF760865442+109762]
	GetHandleVerifier [0x00007FF76084BA59+4825]
	BaseThreadInitThunk [0x00007FFB3DD7E8D7+23]
	RtlUserThreadStart [0x00007FFB3F2DC5DC+44]

2025-05-24 04:39:53,334 - WooCommerceA2AAgent - ERROR - Error scraping product link: Message: stale element reference: stale element not found
  (Session info: chrome=136.0.7103.114); For documentation on this error, please visit: https://www.selenium.dev/documentation/webdriver/troubleshooting/errors#stale-element-reference-exception
Stacktrace:
	GetHandleVerifier [0x00007FF76085CF45+75717]
	GetHandleVerifier [0x00007FF76085CFA0+75808]
	(No symbol) [0x00007FF760628F9A]
	(No symbol) [0x00007FF76063F3D4]
	(No symbol) [0x00007FF76063DEA3]
	(No symbol) [0x00007FF7606316C9]
	(No symbol) [0x00007FF760631843]
	(No symbol) [0x00007FF76062F54F]
	(No symbol) [0x00007FF760633D51]
	(No symbol) [0x00007FF7606D05F8]
	(No symbol) [0x00007FF7606A737A]
	(No symbol) [0x00007FF7606CF39C]
	(No symbol) [0x00007FF7606A7153]
	(No symbol) [0x00007FF760670421]
	(No symbol) [0x00007FF7606711B3]
	GetHandleVerifier [0x00007FF760B5D71D+3223453]
	GetHandleVerifier [0x00007FF760B57CC2+3200322]
	GetHandleVerifier [0x00007FF760B75AF3+3322739]
	GetHandleVerifier [0x00007FF760876A1A+180890]
	GetHandleVerifier [0x00007FF76087E11F+211359]
	GetHandleVerifier [0x00007FF760865294+109332]
	GetHandleVerifier [0x00007FF760865442+109762]
	GetHandleVerifier [0x00007FF76084BA59+4825]
	BaseThreadInitThunk [0x00007FFB3DD7E8D7+23]
	RtlUserThreadStart [0x00007FFB3F2DC5DC+44]

2025-05-24 04:39:53,338 - WooCommerceA2AAgent - ERROR - Error scraping product link: Message: stale element reference: stale element not found
  (Session info: chrome=136.0.7103.114); For documentation on this error, please visit: https://www.selenium.dev/documentation/webdriver/troubleshooting/errors#stale-element-reference-exception
Stacktrace:
	GetHandleVerifier [0x00007FF76085CF45+75717]
	GetHandleVerifier [0x00007FF76085CFA0+75808]
	(No symbol) [0x00007FF760628F9A]
	(No symbol) [0x00007FF76063F3D4]
	(No symbol) [0x00007FF76063DEA3]
	(No symbol) [0x00007FF7606316C9]
	(No symbol) [0x00007FF760631843]
	(No symbol) [0x00007FF76062F54F]
	(No symbol) [0x00007FF760633D51]
	(No symbol) [0x00007FF7606D05F8]
	(No symbol) [0x00007FF7606A737A]
	(No symbol) [0x00007FF7606CF39C]
	(No symbol) [0x00007FF7606A7153]
	(No symbol) [0x00007FF760670421]
	(No symbol) [0x00007FF7606711B3]
	GetHandleVerifier [0x00007FF760B5D71D+3223453]
	GetHandleVerifier [0x00007FF760B57CC2+3200322]
	GetHandleVerifier [0x00007FF760B75AF3+3322739]
	GetHandleVerifier [0x00007FF760876A1A+180890]
	GetHandleVerifier [0x00007FF76087E11F+211359]
	GetHandleVerifier [0x00007FF760865294+109332]
	GetHandleVerifier [0x00007FF760865442+109762]
	GetHandleVerifier [0x00007FF76084BA59+4825]
	BaseThreadInitThunk [0x00007FFB3DD7E8D7+23]
	RtlUserThreadStart [0x00007FFB3F2DC5DC+44]

2025-05-24 04:39:53,345 - WooCommerceA2AAgent - ERROR - Error scraping product link: Message: stale element reference: stale element not found
  (Session info: chrome=136.0.7103.114); For documentation on this error, please visit: https://www.selenium.dev/documentation/webdriver/troubleshooting/errors#stale-element-reference-exception
Stacktrace:
	GetHandleVerifier [0x00007FF76085CF45+75717]
	GetHandleVerifier [0x00007FF76085CFA0+75808]
	(No symbol) [0x00007FF760628F9A]
	(No symbol) [0x00007FF76063F3D4]
	(No symbol) [0x00007FF76063DEA3]
	(No symbol) [0x00007FF7606316C9]
	(No symbol) [0x00007FF760631843]
	(No symbol) [0x00007FF76062F54F]
	(No symbol) [0x00007FF760633D51]
	(No symbol) [0x00007FF7606D05F8]
	(No symbol) [0x00007FF7606A737A]
	(No symbol) [0x00007FF7606CF39C]
	(No symbol) [0x00007FF7606A7153]
	(No symbol) [0x00007FF760670421]
	(No symbol) [0x00007FF7606711B3]
	GetHandleVerifier [0x00007FF760B5D71D+3223453]
	GetHandleVerifier [0x00007FF760B57CC2+3200322]
	GetHandleVerifier [0x00007FF760B75AF3+3322739]
	GetHandleVerifier [0x00007FF760876A1A+180890]
	GetHandleVerifier [0x00007FF76087E11F+211359]
	GetHandleVerifier [0x00007FF760865294+109332]
	GetHandleVerifier [0x00007FF760865442+109762]
	GetHandleVerifier [0x00007FF76084BA59+4825]
	BaseThreadInitThunk [0x00007FFB3DD7E8D7+23]
	RtlUserThreadStart [0x00007FFB3F2DC5DC+44]

2025-05-24 04:39:53,348 - WooCommerceA2AAgent - ERROR - Error scraping product link: Message: stale element reference: stale element not found
  (Session info: chrome=136.0.7103.114); For documentation on this error, please visit: https://www.selenium.dev/documentation/webdriver/troubleshooting/errors#stale-element-reference-exception
Stacktrace:
	GetHandleVerifier [0x00007FF76085CF45+75717]
	GetHandleVerifier [0x00007FF76085CFA0+75808]
	(No symbol) [0x00007FF760628F9A]
	(No symbol) [0x00007FF76063F3D4]
	(No symbol) [0x00007FF76063DEA3]
	(No symbol) [0x00007FF7606316C9]
	(No symbol) [0x00007FF760631843]
	(No symbol) [0x00007FF76062F54F]
	(No symbol) [0x00007FF760633D51]
	(No symbol) [0x00007FF7606D05F8]
	(No symbol) [0x00007FF7606A737A]
	(No symbol) [0x00007FF7606CF39C]
	(No symbol) [0x00007FF7606A7153]
	(No symbol) [0x00007FF760670421]
	(No symbol) [0x00007FF7606711B3]
	GetHandleVerifier [0x00007FF760B5D71D+3223453]
	GetHandleVerifier [0x00007FF760B57CC2+3200322]
	GetHandleVerifier [0x00007FF760B75AF3+3322739]
	GetHandleVerifier [0x00007FF760876A1A+180890]
	GetHandleVerifier [0x00007FF76087E11F+211359]
	GetHandleVerifier [0x00007FF760865294+109332]
	GetHandleVerifier [0x00007FF760865442+109762]
	GetHandleVerifier [0x00007FF76084BA59+4825]
	BaseThreadInitThunk [0x00007FFB3DD7E8D7+23]
	RtlUserThreadStart [0x00007FFB3F2DC5DC+44]

2025-05-24 04:39:53,352 - WooCommerceA2AAgent - ERROR - Error scraping product link: Message: stale element reference: stale element not found
  (Session info: chrome=136.0.7103.114); For documentation on this error, please visit: https://www.selenium.dev/documentation/webdriver/troubleshooting/errors#stale-element-reference-exception
Stacktrace:
	GetHandleVerifier [0x00007FF76085CF45+75717]
	GetHandleVerifier [0x00007FF76085CFA0+75808]
	(No symbol) [0x00007FF760628F9A]
	(No symbol) [0x00007FF76063F3D4]
	(No symbol) [0x00007FF76063DEA3]
	(No symbol) [0x00007FF7606316C9]
	(No symbol) [0x00007FF760631843]
	(No symbol) [0x00007FF76062F54F]
	(No symbol) [0x00007FF760633D51]
	(No symbol) [0x00007FF7606D05F8]
	(No symbol) [0x00007FF7606A737A]
	(No symbol) [0x00007FF7606CF39C]
	(No symbol) [0x00007FF7606A7153]
	(No symbol) [0x00007FF760670421]
	(No symbol) [0x00007FF7606711B3]
	GetHandleVerifier [0x00007FF760B5D71D+3223453]
	GetHandleVerifier [0x00007FF760B57CC2+3200322]
	GetHandleVerifier [0x00007FF760B75AF3+3322739]
	GetHandleVerifier [0x00007FF760876A1A+180890]
	GetHandleVerifier [0x00007FF76087E11F+211359]
	GetHandleVerifier [0x00007FF760865294+109332]
	GetHandleVerifier [0x00007FF760865442+109762]
	GetHandleVerifier [0x00007FF76084BA59+4825]
	BaseThreadInitThunk [0x00007FFB3DD7E8D7+23]
	RtlUserThreadStart [0x00007FFB3F2DC5DC+44]

2025-05-24 04:39:53,355 - WooCommerceA2AAgent - ERROR - Error scraping product link: Message: stale element reference: stale element not found
  (Session info: chrome=136.0.7103.114); For documentation on this error, please visit: https://www.selenium.dev/documentation/webdriver/troubleshooting/errors#stale-element-reference-exception
Stacktrace:
	GetHandleVerifier [0x00007FF76085CF45+75717]
	GetHandleVerifier [0x00007FF76085CFA0+75808]
	(No symbol) [0x00007FF760628F9A]
	(No symbol) [0x00007FF76063F3D4]
	(No symbol) [0x00007FF76063DEA3]
	(No symbol) [0x00007FF7606316C9]
	(No symbol) [0x00007FF760631843]
	(No symbol) [0x00007FF76062F54F]
	(No symbol) [0x00007FF760633D51]
	(No symbol) [0x00007FF7606D05F8]
	(No symbol) [0x00007FF7606A737A]
	(No symbol) [0x00007FF7606CF39C]
	(No symbol) [0x00007FF7606A7153]
	(No symbol) [0x00007FF760670421]
	(No symbol) [0x00007FF7606711B3]
	GetHandleVerifier [0x00007FF760B5D71D+3223453]
	GetHandleVerifier [0x00007FF760B57CC2+3200322]
	GetHandleVerifier [0x00007FF760B75AF3+3322739]
	GetHandleVerifier [0x00007FF760876A1A+180890]
	GetHandleVerifier [0x00007FF76087E11F+211359]
	GetHandleVerifier [0x00007FF760865294+109332]
	GetHandleVerifier [0x00007FF760865442+109762]
	GetHandleVerifier [0x00007FF76084BA59+4825]
	BaseThreadInitThunk [0x00007FFB3DD7E8D7+23]
	RtlUserThreadStart [0x00007FFB3F2DC5DC+44]

2025-05-24 04:39:53,359 - WooCommerceA2AAgent - ERROR - Error scraping product link: Message: stale element reference: stale element not found
  (Session info: chrome=136.0.7103.114); For documentation on this error, please visit: https://www.selenium.dev/documentation/webdriver/troubleshooting/errors#stale-element-reference-exception
Stacktrace:
	GetHandleVerifier [0x00007FF76085CF45+75717]
	GetHandleVerifier [0x00007FF76085CFA0+75808]
	(No symbol) [0x00007FF760628F9A]
	(No symbol) [0x00007FF76063F3D4]
	(No symbol) [0x00007FF76063DEA3]
	(No symbol) [0x00007FF7606316C9]
	(No symbol) [0x00007FF760631843]
	(No symbol) [0x00007FF76062F54F]
	(No symbol) [0x00007FF760633D51]
	(No symbol) [0x00007FF7606D05F8]
	(No symbol) [0x00007FF7606A737A]
	(No symbol) [0x00007FF7606CF39C]
	(No symbol) [0x00007FF7606A7153]
	(No symbol) [0x00007FF760670421]
	(No symbol) [0x00007FF7606711B3]
	GetHandleVerifier [0x00007FF760B5D71D+3223453]
	GetHandleVerifier [0x00007FF760B57CC2+3200322]
	GetHandleVerifier [0x00007FF760B75AF3+3322739]
	GetHandleVerifier [0x00007FF760876A1A+180890]
	GetHandleVerifier [0x00007FF76087E11F+211359]
	GetHandleVerifier [0x00007FF760865294+109332]
	GetHandleVerifier [0x00007FF760865442+109762]
	GetHandleVerifier [0x00007FF76084BA59+4825]
	BaseThreadInitThunk [0x00007FFB3DD7E8D7+23]
	RtlUserThreadStart [0x00007FFB3F2DC5DC+44]

2025-05-24 04:39:53,364 - WooCommerceA2AAgent - ERROR - Error scraping product link: Message: stale element reference: stale element not found
  (Session info: chrome=136.0.7103.114); For documentation on this error, please visit: https://www.selenium.dev/documentation/webdriver/troubleshooting/errors#stale-element-reference-exception
Stacktrace:
	GetHandleVerifier [0x00007FF76085CF45+75717]
	GetHandleVerifier [0x00007FF76085CFA0+75808]
	(No symbol) [0x00007FF760628F9A]
	(No symbol) [0x00007FF76063F3D4]
	(No symbol) [0x00007FF76063DEA3]
	(No symbol) [0x00007FF7606316C9]
	(No symbol) [0x00007FF760631843]
	(No symbol) [0x00007FF76062F54F]
	(No symbol) [0x00007FF760633D51]
	(No symbol) [0x00007FF7606D05F8]
	(No symbol) [0x00007FF7606A737A]
	(No symbol) [0x00007FF7606CF39C]
	(No symbol) [0x00007FF7606A7153]
	(No symbol) [0x00007FF760670421]
	(No symbol) [0x00007FF7606711B3]
	GetHandleVerifier [0x00007FF760B5D71D+3223453]
	GetHandleVerifier [0x00007FF760B57CC2+3200322]
	GetHandleVerifier [0x00007FF760B75AF3+3322739]
	GetHandleVerifier [0x00007FF760876A1A+180890]
	GetHandleVerifier [0x00007FF76087E11F+211359]
	GetHandleVerifier [0x00007FF760865294+109332]
	GetHandleVerifier [0x00007FF760865442+109762]
	GetHandleVerifier [0x00007FF76084BA59+4825]
	BaseThreadInitThunk [0x00007FFB3DD7E8D7+23]
	RtlUserThreadStart [0x00007FFB3F2DC5DC+44]

2025-05-24 04:39:53,367 - WooCommerceA2AAgent - ERROR - Error scraping product link: Message: stale element reference: stale element not found
  (Session info: chrome=136.0.7103.114); For documentation on this error, please visit: https://www.selenium.dev/documentation/webdriver/troubleshooting/errors#stale-element-reference-exception
Stacktrace:
	GetHandleVerifier [0x00007FF76085CF45+75717]
	GetHandleVerifier [0x00007FF76085CFA0+75808]
	(No symbol) [0x00007FF760628F9A]
	(No symbol) [0x00007FF76063F3D4]
	(No symbol) [0x00007FF76063DEA3]
	(No symbol) [0x00007FF7606316C9]
	(No symbol) [0x00007FF760631843]
	(No symbol) [0x00007FF76062F54F]
	(No symbol) [0x00007FF760633D51]
	(No symbol) [0x00007FF7606D05F8]
	(No symbol) [0x00007FF7606A737A]
	(No symbol) [0x00007FF7606CF39C]
	(No symbol) [0x00007FF7606A7153]
	(No symbol) [0x00007FF760670421]
	(No symbol) [0x00007FF7606711B3]
	GetHandleVerifier [0x00007FF760B5D71D+3223453]
	GetHandleVerifier [0x00007FF760B57CC2+3200322]
	GetHandleVerifier [0x00007FF760B75AF3+3322739]
	GetHandleVerifier [0x00007FF760876A1A+180890]
	GetHandleVerifier [0x00007FF76087E11F+211359]
	GetHandleVerifier [0x00007FF760865294+109332]
	GetHandleVerifier [0x00007FF760865442+109762]
	GetHandleVerifier [0x00007FF76084BA59+4825]
	BaseThreadInitThunk [0x00007FFB3DD7E8D7+23]
	RtlUserThreadStart [0x00007FFB3F2DC5DC+44]

2025-05-24 04:39:53,370 - WooCommerceA2AAgent - ERROR - Error scraping product link: Message: stale element reference: stale element not found
  (Session info: chrome=136.0.7103.114); For documentation on this error, please visit: https://www.selenium.dev/documentation/webdriver/troubleshooting/errors#stale-element-reference-exception
Stacktrace:
	GetHandleVerifier [0x00007FF76085CF45+75717]
	GetHandleVerifier [0x00007FF76085CFA0+75808]
	(No symbol) [0x00007FF760628F9A]
	(No symbol) [0x00007FF76063F3D4]
	(No symbol) [0x00007FF76063DEA3]
	(No symbol) [0x00007FF7606316C9]
	(No symbol) [0x00007FF760631843]
	(No symbol) [0x00007FF76062F54F]
	(No symbol) [0x00007FF760633D51]
	(No symbol) [0x00007FF7606D05F8]
	(No symbol) [0x00007FF7606A737A]
	(No symbol) [0x00007FF7606CF39C]
	(No symbol) [0x00007FF7606A7153]
	(No symbol) [0x00007FF760670421]
	(No symbol) [0x00007FF7606711B3]
	GetHandleVerifier [0x00007FF760B5D71D+3223453]
	GetHandleVerifier [0x00007FF760B57CC2+3200322]
	GetHandleVerifier [0x00007FF760B75AF3+3322739]
	GetHandleVerifier [0x00007FF760876A1A+180890]
	GetHandleVerifier [0x00007FF76087E11F+211359]
	GetHandleVerifier [0x00007FF760865294+109332]
	GetHandleVerifier [0x00007FF760865442+109762]
	GetHandleVerifier [0x00007FF76084BA59+4825]
	BaseThreadInitThunk [0x00007FFB3DD7E8D7+23]
	RtlUserThreadStart [0x00007FFB3F2DC5DC+44]

2025-05-24 04:39:53,372 - WooCommerceA2AAgent - ERROR - Error scraping product link: Message: stale element reference: stale element not found
  (Session info: chrome=136.0.7103.114); For documentation on this error, please visit: https://www.selenium.dev/documentation/webdriver/troubleshooting/errors#stale-element-reference-exception
Stacktrace:
	GetHandleVerifier [0x00007FF76085CF45+75717]
	GetHandleVerifier [0x00007FF76085CFA0+75808]
	(No symbol) [0x00007FF760628F9A]
	(No symbol) [0x00007FF76063F3D4]
	(No symbol) [0x00007FF76063DEA3]
	(No symbol) [0x00007FF7606316C9]
	(No symbol) [0x00007FF760631843]
	(No symbol) [0x00007FF76062F54F]
	(No symbol) [0x00007FF760633D51]
	(No symbol) [0x00007FF7606D05F8]
	(No symbol) [0x00007FF7606A737A]
	(No symbol) [0x00007FF7606CF39C]
	(No symbol) [0x00007FF7606A7153]
	(No symbol) [0x00007FF760670421]
	(No symbol) [0x00007FF7606711B3]
	GetHandleVerifier [0x00007FF760B5D71D+3223453]
	GetHandleVerifier [0x00007FF760B57CC2+3200322]
	GetHandleVerifier [0x00007FF760B75AF3+3322739]
	GetHandleVerifier [0x00007FF760876A1A+180890]
	GetHandleVerifier [0x00007FF76087E11F+211359]
	GetHandleVerifier [0x00007FF760865294+109332]
	GetHandleVerifier [0x00007FF760865442+109762]
	GetHandleVerifier [0x00007FF76084BA59+4825]
	BaseThreadInitThunk [0x00007FFB3DD7E8D7+23]
	RtlUserThreadStart [0x00007FFB3F2DC5DC+44]

2025-05-24 04:39:53,379 - WooCommerceA2AAgent - ERROR - Error scraping product link: Message: stale element reference: stale element not found
  (Session info: chrome=136.0.7103.114); For documentation on this error, please visit: https://www.selenium.dev/documentation/webdriver/troubleshooting/errors#stale-element-reference-exception
Stacktrace:
	GetHandleVerifier [0x00007FF76085CF45+75717]
	GetHandleVerifier [0x00007FF76085CFA0+75808]
	(No symbol) [0x00007FF760628F9A]
	(No symbol) [0x00007FF76063F3D4]
	(No symbol) [0x00007FF76063DEA3]
	(No symbol) [0x00007FF7606316C9]
	(No symbol) [0x00007FF760631843]
	(No symbol) [0x00007FF76062F54F]
	(No symbol) [0x00007FF760633D51]
	(No symbol) [0x00007FF7606D05F8]
	(No symbol) [0x00007FF7606A737A]
	(No symbol) [0x00007FF7606CF39C]
	(No symbol) [0x00007FF7606A7153]
	(No symbol) [0x00007FF760670421]
	(No symbol) [0x00007FF7606711B3]
	GetHandleVerifier [0x00007FF760B5D71D+3223453]
	GetHandleVerifier [0x00007FF760B57CC2+3200322]
	GetHandleVerifier [0x00007FF760B75AF3+3322739]
	GetHandleVerifier [0x00007FF760876A1A+180890]
	GetHandleVerifier [0x00007FF76087E11F+211359]
	GetHandleVerifier [0x00007FF760865294+109332]
	GetHandleVerifier [0x00007FF760865442+109762]
	GetHandleVerifier [0x00007FF76084BA59+4825]
	BaseThreadInitThunk [0x00007FFB3DD7E8D7+23]
	RtlUserThreadStart [0x00007FFB3F2DC5DC+44]

2025-05-24 04:39:53,384 - WooCommerceA2AAgent - ERROR - Error scraping product link: Message: stale element reference: stale element not found
  (Session info: chrome=136.0.7103.114); For documentation on this error, please visit: https://www.selenium.dev/documentation/webdriver/troubleshooting/errors#stale-element-reference-exception
Stacktrace:
	GetHandleVerifier [0x00007FF76085CF45+75717]
	GetHandleVerifier [0x00007FF76085CFA0+75808]
	(No symbol) [0x00007FF760628F9A]
	(No symbol) [0x00007FF76063F3D4]
	(No symbol) [0x00007FF76063DEA3]
	(No symbol) [0x00007FF7606316C9]
	(No symbol) [0x00007FF760631843]
	(No symbol) [0x00007FF76062F54F]
	(No symbol) [0x00007FF760633D51]
	(No symbol) [0x00007FF7606D05F8]
	(No symbol) [0x00007FF7606A737A]
	(No symbol) [0x00007FF7606CF39C]
	(No symbol) [0x00007FF7606A7153]
	(No symbol) [0x00007FF760670421]
	(No symbol) [0x00007FF7606711B3]
	GetHandleVerifier [0x00007FF760B5D71D+3223453]
	GetHandleVerifier [0x00007FF760B57CC2+3200322]
	GetHandleVerifier [0x00007FF760B75AF3+3322739]
	GetHandleVerifier [0x00007FF760876A1A+180890]
	GetHandleVerifier [0x00007FF76087E11F+211359]
	GetHandleVerifier [0x00007FF760865294+109332]
	GetHandleVerifier [0x00007FF760865442+109762]
	GetHandleVerifier [0x00007FF76084BA59+4825]
	BaseThreadInitThunk [0x00007FFB3DD7E8D7+23]
	RtlUserThreadStart [0x00007FFB3F2DC5DC+44]

2025-05-24 04:39:53,387 - WooCommerceA2AAgent - ERROR - Error scraping product link: Message: stale element reference: stale element not found
  (Session info: chrome=136.0.7103.114); For documentation on this error, please visit: https://www.selenium.dev/documentation/webdriver/troubleshooting/errors#stale-element-reference-exception
Stacktrace:
	GetHandleVerifier [0x00007FF76085CF45+75717]
	GetHandleVerifier [0x00007FF76085CFA0+75808]
	(No symbol) [0x00007FF760628F9A]
	(No symbol) [0x00007FF76063F3D4]
	(No symbol) [0x00007FF76063DEA3]
	(No symbol) [0x00007FF7606316C9]
	(No symbol) [0x00007FF760631843]
	(No symbol) [0x00007FF76062F54F]
	(No symbol) [0x00007FF760633D51]
	(No symbol) [0x00007FF7606D05F8]
	(No symbol) [0x00007FF7606A737A]
	(No symbol) [0x00007FF7606CF39C]
	(No symbol) [0x00007FF7606A7153]
	(No symbol) [0x00007FF760670421]
	(No symbol) [0x00007FF7606711B3]
	GetHandleVerifier [0x00007FF760B5D71D+3223453]
	GetHandleVerifier [0x00007FF760B57CC2+3200322]
	GetHandleVerifier [0x00007FF760B75AF3+3322739]
	GetHandleVerifier [0x00007FF760876A1A+180890]
	GetHandleVerifier [0x00007FF76087E11F+211359]
	GetHandleVerifier [0x00007FF760865294+109332]
	GetHandleVerifier [0x00007FF760865442+109762]
	GetHandleVerifier [0x00007FF76084BA59+4825]
	BaseThreadInitThunk [0x00007FFB3DD7E8D7+23]
	RtlUserThreadStart [0x00007FFB3F2DC5DC+44]

2025-05-24 04:39:53,390 - WooCommerceA2AAgent - ERROR - Error scraping product link: Message: stale element reference: stale element not found
  (Session info: chrome=136.0.7103.114); For documentation on this error, please visit: https://www.selenium.dev/documentation/webdriver/troubleshooting/errors#stale-element-reference-exception
Stacktrace:
	GetHandleVerifier [0x00007FF76085CF45+75717]
	GetHandleVerifier [0x00007FF76085CFA0+75808]
	(No symbol) [0x00007FF760628F9A]
	(No symbol) [0x00007FF76063F3D4]
	(No symbol) [0x00007FF76063DEA3]
	(No symbol) [0x00007FF7606316C9]
	(No symbol) [0x00007FF760631843]
	(No symbol) [0x00007FF76062F54F]
	(No symbol) [0x00007FF760633D51]
	(No symbol) [0x00007FF7606D05F8]
	(No symbol) [0x00007FF7606A737A]
	(No symbol) [0x00007FF7606CF39C]
	(No symbol) [0x00007FF7606A7153]
	(No symbol) [0x00007FF760670421]
	(No symbol) [0x00007FF7606711B3]
	GetHandleVerifier [0x00007FF760B5D71D+3223453]
	GetHandleVerifier [0x00007FF760B57CC2+3200322]
	GetHandleVerifier [0x00007FF760B75AF3+3322739]
	GetHandleVerifier [0x00007FF760876A1A+180890]
	GetHandleVerifier [0x00007FF76087E11F+211359]
	GetHandleVerifier [0x00007FF760865294+109332]
	GetHandleVerifier [0x00007FF760865442+109762]
	GetHandleVerifier [0x00007FF76084BA59+4825]
	BaseThreadInitThunk [0x00007FFB3DD7E8D7+23]
	RtlUserThreadStart [0x00007FFB3F2DC5DC+44]

2025-05-24 04:39:53,396 - WooCommerceA2AAgent - ERROR - Error scraping product link: Message: stale element reference: stale element not found
  (Session info: chrome=136.0.7103.114); For documentation on this error, please visit: https://www.selenium.dev/documentation/webdriver/troubleshooting/errors#stale-element-reference-exception
Stacktrace:
	GetHandleVerifier [0x00007FF76085CF45+75717]
	GetHandleVerifier [0x00007FF76085CFA0+75808]
	(No symbol) [0x00007FF760628F9A]
	(No symbol) [0x00007FF76063F3D4]
	(No symbol) [0x00007FF76063DEA3]
	(No symbol) [0x00007FF7606316C9]
	(No symbol) [0x00007FF760631843]
	(No symbol) [0x00007FF76062F54F]
	(No symbol) [0x00007FF760633D51]
	(No symbol) [0x00007FF7606D05F8]
	(No symbol) [0x00007FF7606A737A]
	(No symbol) [0x00007FF7606CF39C]
	(No symbol) [0x00007FF7606A7153]
	(No symbol) [0x00007FF760670421]
	(No symbol) [0x00007FF7606711B3]
	GetHandleVerifier [0x00007FF760B5D71D+3223453]
	GetHandleVerifier [0x00007FF760B57CC2+3200322]
	GetHandleVerifier [0x00007FF760B75AF3+3322739]
	GetHandleVerifier [0x00007FF760876A1A+180890]
	GetHandleVerifier [0x00007FF76087E11F+211359]
	GetHandleVerifier [0x00007FF760865294+109332]
	GetHandleVerifier [0x00007FF760865442+109762]
	GetHandleVerifier [0x00007FF76084BA59+4825]
	BaseThreadInitThunk [0x00007FFB3DD7E8D7+23]
	RtlUserThreadStart [0x00007FFB3F2DC5DC+44]

2025-05-24 04:39:53,399 - WooCommerceA2AAgent - ERROR - Error scraping product link: Message: stale element reference: stale element not found
  (Session info: chrome=136.0.7103.114); For documentation on this error, please visit: https://www.selenium.dev/documentation/webdriver/troubleshooting/errors#stale-element-reference-exception
Stacktrace:
	GetHandleVerifier [0x00007FF76085CF45+75717]
	GetHandleVerifier [0x00007FF76085CFA0+75808]
	(No symbol) [0x00007FF760628F9A]
	(No symbol) [0x00007FF76063F3D4]
	(No symbol) [0x00007FF76063DEA3]
	(No symbol) [0x00007FF7606316C9]
	(No symbol) [0x00007FF760631843]
	(No symbol) [0x00007FF76062F54F]
	(No symbol) [0x00007FF760633D51]
	(No symbol) [0x00007FF7606D05F8]
	(No symbol) [0x00007FF7606A737A]
	(No symbol) [0x00007FF7606CF39C]
	(No symbol) [0x00007FF7606A7153]
	(No symbol) [0x00007FF760670421]
	(No symbol) [0x00007FF7606711B3]
	GetHandleVerifier [0x00007FF760B5D71D+3223453]
	GetHandleVerifier [0x00007FF760B57CC2+3200322]
	GetHandleVerifier [0x00007FF760B75AF3+3322739]
	GetHandleVerifier [0x00007FF760876A1A+180890]
	GetHandleVerifier [0x00007FF76087E11F+211359]
	GetHandleVerifier [0x00007FF760865294+109332]
	GetHandleVerifier [0x00007FF760865442+109762]
	GetHandleVerifier [0x00007FF76084BA59+4825]
	BaseThreadInitThunk [0x00007FFB3DD7E8D7+23]
	RtlUserThreadStart [0x00007FFB3F2DC5DC+44]

2025-05-24 04:39:53,403 - WooCommerceA2AAgent - ERROR - Error scraping product link: Message: stale element reference: stale element not found
  (Session info: chrome=136.0.7103.114); For documentation on this error, please visit: https://www.selenium.dev/documentation/webdriver/troubleshooting/errors#stale-element-reference-exception
Stacktrace:
	GetHandleVerifier [0x00007FF76085CF45+75717]
	GetHandleVerifier [0x00007FF76085CFA0+75808]
	(No symbol) [0x00007FF760628F9A]
	(No symbol) [0x00007FF76063F3D4]
	(No symbol) [0x00007FF76063DEA3]
	(No symbol) [0x00007FF7606316C9]
	(No symbol) [0x00007FF760631843]
	(No symbol) [0x00007FF76062F54F]
	(No symbol) [0x00007FF760633D51]
	(No symbol) [0x00007FF7606D05F8]
	(No symbol) [0x00007FF7606A737A]
	(No symbol) [0x00007FF7606CF39C]
	(No symbol) [0x00007FF7606A7153]
	(No symbol) [0x00007FF760670421]
	(No symbol) [0x00007FF7606711B3]
	GetHandleVerifier [0x00007FF760B5D71D+3223453]
	GetHandleVerifier [0x00007FF760B57CC2+3200322]
	GetHandleVerifier [0x00007FF760B75AF3+3322739]
	GetHandleVerifier [0x00007FF760876A1A+180890]
	GetHandleVerifier [0x00007FF76087E11F+211359]
	GetHandleVerifier [0x00007FF760865294+109332]
	GetHandleVerifier [0x00007FF760865442+109762]
	GetHandleVerifier [0x00007FF76084BA59+4825]
	BaseThreadInitThunk [0x00007FFB3DD7E8D7+23]
	RtlUserThreadStart [0x00007FFB3F2DC5DC+44]

2025-05-24 04:39:53,406 - WooCommerceA2AAgent - ERROR - Error scraping product link: Message: stale element reference: stale element not found
  (Session info: chrome=136.0.7103.114); For documentation on this error, please visit: https://www.selenium.dev/documentation/webdriver/troubleshooting/errors#stale-element-reference-exception
Stacktrace:
	GetHandleVerifier [0x00007FF76085CF45+75717]
	GetHandleVerifier [0x00007FF76085CFA0+75808]
	(No symbol) [0x00007FF760628F9A]
	(No symbol) [0x00007FF76063F3D4]
	(No symbol) [0x00007FF76063DEA3]
	(No symbol) [0x00007FF7606316C9]
	(No symbol) [0x00007FF760631843]
	(No symbol) [0x00007FF76062F54F]
	(No symbol) [0x00007FF760633D51]
	(No symbol) [0x00007FF7606D05F8]
	(No symbol) [0x00007FF7606A737A]
	(No symbol) [0x00007FF7606CF39C]
	(No symbol) [0x00007FF7606A7153]
	(No symbol) [0x00007FF760670421]
	(No symbol) [0x00007FF7606711B3]
	GetHandleVerifier [0x00007FF760B5D71D+3223453]
	GetHandleVerifier [0x00007FF760B57CC2+3200322]
	GetHandleVerifier [0x00007FF760B75AF3+3322739]
	GetHandleVerifier [0x00007FF760876A1A+180890]
	GetHandleVerifier [0x00007FF76087E11F+211359]
	GetHandleVerifier [0x00007FF760865294+109332]
	GetHandleVerifier [0x00007FF760865442+109762]
	GetHandleVerifier [0x00007FF76084BA59+4825]
	BaseThreadInitThunk [0x00007FFB3DD7E8D7+23]
	RtlUserThreadStart [0x00007FFB3F2DC5DC+44]

2025-05-24 04:39:53,411 - WooCommerceA2AAgent - ERROR - Error scraping product link: Message: stale element reference: stale element not found
  (Session info: chrome=136.0.7103.114); For documentation on this error, please visit: https://www.selenium.dev/documentation/webdriver/troubleshooting/errors#stale-element-reference-exception
Stacktrace:
	GetHandleVerifier [0x00007FF76085CF45+75717]
	GetHandleVerifier [0x00007FF76085CFA0+75808]
	(No symbol) [0x00007FF760628F9A]
	(No symbol) [0x00007FF76063F3D4]
	(No symbol) [0x00007FF76063DEA3]
	(No symbol) [0x00007FF7606316C9]
	(No symbol) [0x00007FF760631843]
	(No symbol) [0x00007FF76062F54F]
	(No symbol) [0x00007FF760633D51]
	(No symbol) [0x00007FF7606D05F8]
	(No symbol) [0x00007FF7606A737A]
	(No symbol) [0x00007FF7606CF39C]
	(No symbol) [0x00007FF7606A7153]
	(No symbol) [0x00007FF760670421]
	(No symbol) [0x00007FF7606711B3]
	GetHandleVerifier [0x00007FF760B5D71D+3223453]
	GetHandleVerifier [0x00007FF760B57CC2+3200322]
	GetHandleVerifier [0x00007FF760B75AF3+3322739]
	GetHandleVerifier [0x00007FF760876A1A+180890]
	GetHandleVerifier [0x00007FF76087E11F+211359]
	GetHandleVerifier [0x00007FF760865294+109332]
	GetHandleVerifier [0x00007FF760865442+109762]
	GetHandleVerifier [0x00007FF76084BA59+4825]
	BaseThreadInitThunk [0x00007FFB3DD7E8D7+23]
	RtlUserThreadStart [0x00007FFB3F2DC5DC+44]

2025-05-24 04:39:53,414 - WooCommerceA2AAgent - ERROR - Error scraping product link: Message: stale element reference: stale element not found
  (Session info: chrome=136.0.7103.114); For documentation on this error, please visit: https://www.selenium.dev/documentation/webdriver/troubleshooting/errors#stale-element-reference-exception
Stacktrace:
	GetHandleVerifier [0x00007FF76085CF45+75717]
	GetHandleVerifier [0x00007FF76085CFA0+75808]
	(No symbol) [0x00007FF760628F9A]
	(No symbol) [0x00007FF76063F3D4]
	(No symbol) [0x00007FF76063DEA3]
	(No symbol) [0x00007FF7606316C9]
	(No symbol) [0x00007FF760631843]
	(No symbol) [0x00007FF76062F54F]
	(No symbol) [0x00007FF760633D51]
	(No symbol) [0x00007FF7606D05F8]
	(No symbol) [0x00007FF7606A737A]
	(No symbol) [0x00007FF7606CF39C]
	(No symbol) [0x00007FF7606A7153]
	(No symbol) [0x00007FF760670421]
	(No symbol) [0x00007FF7606711B3]
	GetHandleVerifier [0x00007FF760B5D71D+3223453]
	GetHandleVerifier [0x00007FF760B57CC2+3200322]
	GetHandleVerifier [0x00007FF760B75AF3+3322739]
	GetHandleVerifier [0x00007FF760876A1A+180890]
	GetHandleVerifier [0x00007FF76087E11F+211359]
	GetHandleVerifier [0x00007FF760865294+109332]
	GetHandleVerifier [0x00007FF760865442+109762]
	GetHandleVerifier [0x00007FF76084BA59+4825]
	BaseThreadInitThunk [0x00007FFB3DD7E8D7+23]
	RtlUserThreadStart [0x00007FFB3F2DC5DC+44]

2025-05-24 04:39:53,418 - WooCommerceA2AAgent - ERROR - Error scraping product link: Message: stale element reference: stale element not found
  (Session info: chrome=136.0.7103.114); For documentation on this error, please visit: https://www.selenium.dev/documentation/webdriver/troubleshooting/errors#stale-element-reference-exception
Stacktrace:
	GetHandleVerifier [0x00007FF76085CF45+75717]
	GetHandleVerifier [0x00007FF76085CFA0+75808]
	(No symbol) [0x00007FF760628F9A]
	(No symbol) [0x00007FF76063F3D4]
	(No symbol) [0x00007FF76063DEA3]
	(No symbol) [0x00007FF7606316C9]
	(No symbol) [0x00007FF760631843]
	(No symbol) [0x00007FF76062F54F]
	(No symbol) [0x00007FF760633D51]
	(No symbol) [0x00007FF7606D05F8]
	(No symbol) [0x00007FF7606A737A]
	(No symbol) [0x00007FF7606CF39C]
	(No symbol) [0x00007FF7606A7153]
	(No symbol) [0x00007FF760670421]
	(No symbol) [0x00007FF7606711B3]
	GetHandleVerifier [0x00007FF760B5D71D+3223453]
	GetHandleVerifier [0x00007FF760B57CC2+3200322]
	GetHandleVerifier [0x00007FF760B75AF3+3322739]
	GetHandleVerifier [0x00007FF760876A1A+180890]
	GetHandleVerifier [0x00007FF76087E11F+211359]
	GetHandleVerifier [0x00007FF760865294+109332]
	GetHandleVerifier [0x00007FF760865442+109762]
	GetHandleVerifier [0x00007FF76084BA59+4825]
	BaseThreadInitThunk [0x00007FFB3DD7E8D7+23]
	RtlUserThreadStart [0x00007FFB3F2DC5DC+44]

2025-05-24 04:39:53,422 - WooCommerceA2AAgent - ERROR - Error scraping product link: Message: stale element reference: stale element not found
  (Session info: chrome=136.0.7103.114); For documentation on this error, please visit: https://www.selenium.dev/documentation/webdriver/troubleshooting/errors#stale-element-reference-exception
Stacktrace:
	GetHandleVerifier [0x00007FF76085CF45+75717]
	GetHandleVerifier [0x00007FF76085CFA0+75808]
	(No symbol) [0x00007FF760628F9A]
	(No symbol) [0x00007FF76063F3D4]
	(No symbol) [0x00007FF76063DEA3]
	(No symbol) [0x00007FF7606316C9]
	(No symbol) [0x00007FF760631843]
	(No symbol) [0x00007FF76062F54F]
	(No symbol) [0x00007FF760633D51]
	(No symbol) [0x00007FF7606D05F8]
	(No symbol) [0x00007FF7606A737A]
	(No symbol) [0x00007FF7606CF39C]
	(No symbol) [0x00007FF7606A7153]
	(No symbol) [0x00007FF760670421]
	(No symbol) [0x00007FF7606711B3]
	GetHandleVerifier [0x00007FF760B5D71D+3223453]
	GetHandleVerifier [0x00007FF760B57CC2+3200322]
	GetHandleVerifier [0x00007FF760B75AF3+3322739]
	GetHandleVerifier [0x00007FF760876A1A+180890]
	GetHandleVerifier [0x00007FF76087E11F+211359]
	GetHandleVerifier [0x00007FF760865294+109332]
	GetHandleVerifier [0x00007FF760865442+109762]
	GetHandleVerifier [0x00007FF76084BA59+4825]
	BaseThreadInitThunk [0x00007FFB3DD7E8D7+23]
	RtlUserThreadStart [0x00007FFB3F2DC5DC+44]

2025-05-24 04:39:53,425 - WooCommerceA2AAgent - ERROR - Error scraping product link: Message: stale element reference: stale element not found
  (Session info: chrome=136.0.7103.114); For documentation on this error, please visit: https://www.selenium.dev/documentation/webdriver/troubleshooting/errors#stale-element-reference-exception
Stacktrace:
	GetHandleVerifier [0x00007FF76085CF45+75717]
	GetHandleVerifier [0x00007FF76085CFA0+75808]
	(No symbol) [0x00007FF760628F9A]
	(No symbol) [0x00007FF76063F3D4]
	(No symbol) [0x00007FF76063DEA3]
	(No symbol) [0x00007FF7606316C9]
	(No symbol) [0x00007FF760631843]
	(No symbol) [0x00007FF76062F54F]
	(No symbol) [0x00007FF760633D51]
	(No symbol) [0x00007FF7606D05F8]
	(No symbol) [0x00007FF7606A737A]
	(No symbol) [0x00007FF7606CF39C]
	(No symbol) [0x00007FF7606A7153]
	(No symbol) [0x00007FF760670421]
	(No symbol) [0x00007FF7606711B3]
	GetHandleVerifier [0x00007FF760B5D71D+3223453]
	GetHandleVerifier [0x00007FF760B57CC2+3200322]
	GetHandleVerifier [0x00007FF760B75AF3+3322739]
	GetHandleVerifier [0x00007FF760876A1A+180890]
	GetHandleVerifier [0x00007FF76087E11F+211359]
	GetHandleVerifier [0x00007FF760865294+109332]
	GetHandleVerifier [0x00007FF760865442+109762]
	GetHandleVerifier [0x00007FF76084BA59+4825]
	BaseThreadInitThunk [0x00007FFB3DD7E8D7+23]
	RtlUserThreadStart [0x00007FFB3F2DC5DC+44]

2025-05-24 04:39:53,430 - WooCommerceA2AAgent - ERROR - Error scraping product link: Message: stale element reference: stale element not found
  (Session info: chrome=136.0.7103.114); For documentation on this error, please visit: https://www.selenium.dev/documentation/webdriver/troubleshooting/errors#stale-element-reference-exception
Stacktrace:
	GetHandleVerifier [0x00007FF76085CF45+75717]
	GetHandleVerifier [0x00007FF76085CFA0+75808]
	(No symbol) [0x00007FF760628F9A]
	(No symbol) [0x00007FF76063F3D4]
	(No symbol) [0x00007FF76063DEA3]
	(No symbol) [0x00007FF7606316C9]
	(No symbol) [0x00007FF760631843]
	(No symbol) [0x00007FF76062F54F]
	(No symbol) [0x00007FF760633D51]
	(No symbol) [0x00007FF7606D05F8]
	(No symbol) [0x00007FF7606A737A]
	(No symbol) [0x00007FF7606CF39C]
	(No symbol) [0x00007FF7606A7153]
	(No symbol) [0x00007FF760670421]
	(No symbol) [0x00007FF7606711B3]
	GetHandleVerifier [0x00007FF760B5D71D+3223453]
	GetHandleVerifier [0x00007FF760B57CC2+3200322]
	GetHandleVerifier [0x00007FF760B75AF3+3322739]
	GetHandleVerifier [0x00007FF760876A1A+180890]
	GetHandleVerifier [0x00007FF76087E11F+211359]
	GetHandleVerifier [0x00007FF760865294+109332]
	GetHandleVerifier [0x00007FF760865442+109762]
	GetHandleVerifier [0x00007FF76084BA59+4825]
	BaseThreadInitThunk [0x00007FFB3DD7E8D7+23]
	RtlUserThreadStart [0x00007FFB3F2DC5DC+44]

2025-05-24 04:39:53,433 - WooCommerceA2AAgent - ERROR - Error scraping product link: Message: stale element reference: stale element not found
  (Session info: chrome=136.0.7103.114); For documentation on this error, please visit: https://www.selenium.dev/documentation/webdriver/troubleshooting/errors#stale-element-reference-exception
Stacktrace:
	GetHandleVerifier [0x00007FF76085CF45+75717]
	GetHandleVerifier [0x00007FF76085CFA0+75808]
	(No symbol) [0x00007FF760628F9A]
	(No symbol) [0x00007FF76063F3D4]
	(No symbol) [0x00007FF76063DEA3]
	(No symbol) [0x00007FF7606316C9]
	(No symbol) [0x00007FF760631843]
	(No symbol) [0x00007FF76062F54F]
	(No symbol) [0x00007FF760633D51]
	(No symbol) [0x00007FF7606D05F8]
	(No symbol) [0x00007FF7606A737A]
	(No symbol) [0x00007FF7606CF39C]
	(No symbol) [0x00007FF7606A7153]
	(No symbol) [0x00007FF760670421]
	(No symbol) [0x00007FF7606711B3]
	GetHandleVerifier [0x00007FF760B5D71D+3223453]
	GetHandleVerifier [0x00007FF760B57CC2+3200322]
	GetHandleVerifier [0x00007FF760B75AF3+3322739]
	GetHandleVerifier [0x00007FF760876A1A+180890]
	GetHandleVerifier [0x00007FF76087E11F+211359]
	GetHandleVerifier [0x00007FF760865294+109332]
	GetHandleVerifier [0x00007FF760865442+109762]
	GetHandleVerifier [0x00007FF76084BA59+4825]
	BaseThreadInitThunk [0x00007FFB3DD7E8D7+23]
	RtlUserThreadStart [0x00007FFB3F2DC5DC+44]

2025-05-24 04:39:53,436 - WooCommerceA2AAgent - ERROR - Error scraping product link: Message: stale element reference: stale element not found
  (Session info: chrome=136.0.7103.114); For documentation on this error, please visit: https://www.selenium.dev/documentation/webdriver/troubleshooting/errors#stale-element-reference-exception
Stacktrace:
	GetHandleVerifier [0x00007FF76085CF45+75717]
	GetHandleVerifier [0x00007FF76085CFA0+75808]
	(No symbol) [0x00007FF760628F9A]
	(No symbol) [0x00007FF76063F3D4]
	(No symbol) [0x00007FF76063DEA3]
	(No symbol) [0x00007FF7606316C9]
	(No symbol) [0x00007FF760631843]
	(No symbol) [0x00007FF76062F54F]
	(No symbol) [0x00007FF760633D51]
	(No symbol) [0x00007FF7606D05F8]
	(No symbol) [0x00007FF7606A737A]
	(No symbol) [0x00007FF7606CF39C]
	(No symbol) [0x00007FF7606A7153]
	(No symbol) [0x00007FF760670421]
	(No symbol) [0x00007FF7606711B3]
	GetHandleVerifier [0x00007FF760B5D71D+3223453]
	GetHandleVerifier [0x00007FF760B57CC2+3200322]
	GetHandleVerifier [0x00007FF760B75AF3+3322739]
	GetHandleVerifier [0x00007FF760876A1A+180890]
	GetHandleVerifier [0x00007FF76087E11F+211359]
	GetHandleVerifier [0x00007FF760865294+109332]
	GetHandleVerifier [0x00007FF760865442+109762]
	GetHandleVerifier [0x00007FF76084BA59+4825]
	BaseThreadInitThunk [0x00007FFB3DD7E8D7+23]
	RtlUserThreadStart [0x00007FFB3F2DC5DC+44]

2025-05-24 04:39:53,439 - WooCommerceA2AAgent - ERROR - Error scraping product link: Message: stale element reference: stale element not found
  (Session info: chrome=136.0.7103.114); For documentation on this error, please visit: https://www.selenium.dev/documentation/webdriver/troubleshooting/errors#stale-element-reference-exception
Stacktrace:
	GetHandleVerifier [0x00007FF76085CF45+75717]
	GetHandleVerifier [0x00007FF76085CFA0+75808]
	(No symbol) [0x00007FF760628F9A]
	(No symbol) [0x00007FF76063F3D4]
	(No symbol) [0x00007FF76063DEA3]
	(No symbol) [0x00007FF7606316C9]
	(No symbol) [0x00007FF760631843]
	(No symbol) [0x00007FF76062F54F]
	(No symbol) [0x00007FF760633D51]
	(No symbol) [0x00007FF7606D05F8]
	(No symbol) [0x00007FF7606A737A]
	(No symbol) [0x00007FF7606CF39C]
	(No symbol) [0x00007FF7606A7153]
	(No symbol) [0x00007FF760670421]
	(No symbol) [0x00007FF7606711B3]
	GetHandleVerifier [0x00007FF760B5D71D+3223453]
	GetHandleVerifier [0x00007FF760B57CC2+3200322]
	GetHandleVerifier [0x00007FF760B75AF3+3322739]
	GetHandleVerifier [0x00007FF760876A1A+180890]
	GetHandleVerifier [0x00007FF76087E11F+211359]
	GetHandleVerifier [0x00007FF760865294+109332]
	GetHandleVerifier [0x00007FF760865442+109762]
	GetHandleVerifier [0x00007FF76084BA59+4825]
	BaseThreadInitThunk [0x00007FFB3DD7E8D7+23]
	RtlUserThreadStart [0x00007FFB3F2DC5DC+44]

2025-05-24 04:39:53,446 - WooCommerceA2AAgent - ERROR - Error scraping product link: Message: stale element reference: stale element not found
  (Session info: chrome=136.0.7103.114); For documentation on this error, please visit: https://www.selenium.dev/documentation/webdriver/troubleshooting/errors#stale-element-reference-exception
Stacktrace:
	GetHandleVerifier [0x00007FF76085CF45+75717]
	GetHandleVerifier [0x00007FF76085CFA0+75808]
	(No symbol) [0x00007FF760628F9A]
	(No symbol) [0x00007FF76063F3D4]
	(No symbol) [0x00007FF76063DEA3]
	(No symbol) [0x00007FF7606316C9]
	(No symbol) [0x00007FF760631843]
	(No symbol) [0x00007FF76062F54F]
	(No symbol) [0x00007FF760633D51]
	(No symbol) [0x00007FF7606D05F8]
	(No symbol) [0x00007FF7606A737A]
	(No symbol) [0x00007FF7606CF39C]
	(No symbol) [0x00007FF7606A7153]
	(No symbol) [0x00007FF760670421]
	(No symbol) [0x00007FF7606711B3]
	GetHandleVerifier [0x00007FF760B5D71D+3223453]
	GetHandleVerifier [0x00007FF760B57CC2+3200322]
	GetHandleVerifier [0x00007FF760B75AF3+3322739]
	GetHandleVerifier [0x00007FF760876A1A+180890]
	GetHandleVerifier [0x00007FF76087E11F+211359]
	GetHandleVerifier [0x00007FF760865294+109332]
	GetHandleVerifier [0x00007FF760865442+109762]
	GetHandleVerifier [0x00007FF76084BA59+4825]
	BaseThreadInitThunk [0x00007FFB3DD7E8D7+23]
	RtlUserThreadStart [0x00007FFB3F2DC5DC+44]

2025-05-24 04:39:53,450 - WooCommerceA2AAgent - ERROR - Error scraping product link: Message: stale element reference: stale element not found
  (Session info: chrome=136.0.7103.114); For documentation on this error, please visit: https://www.selenium.dev/documentation/webdriver/troubleshooting/errors#stale-element-reference-exception
Stacktrace:
	GetHandleVerifier [0x00007FF76085CF45+75717]
	GetHandleVerifier [0x00007FF76085CFA0+75808]
	(No symbol) [0x00007FF760628F9A]
	(No symbol) [0x00007FF76063F3D4]
	(No symbol) [0x00007FF76063DEA3]
	(No symbol) [0x00007FF7606316C9]
	(No symbol) [0x00007FF760631843]
	(No symbol) [0x00007FF76062F54F]
	(No symbol) [0x00007FF760633D51]
	(No symbol) [0x00007FF7606D05F8]
	(No symbol) [0x00007FF7606A737A]
	(No symbol) [0x00007FF7606CF39C]
	(No symbol) [0x00007FF7606A7153]
	(No symbol) [0x00007FF760670421]
	(No symbol) [0x00007FF7606711B3]
	GetHandleVerifier [0x00007FF760B5D71D+3223453]
	GetHandleVerifier [0x00007FF760B57CC2+3200322]
	GetHandleVerifier [0x00007FF760B75AF3+3322739]
	GetHandleVerifier [0x00007FF760876A1A+180890]
	GetHandleVerifier [0x00007FF76087E11F+211359]
	GetHandleVerifier [0x00007FF760865294+109332]
	GetHandleVerifier [0x00007FF760865442+109762]
	GetHandleVerifier [0x00007FF76084BA59+4825]
	BaseThreadInitThunk [0x00007FFB3DD7E8D7+23]
	RtlUserThreadStart [0x00007FFB3F2DC5DC+44]

2025-05-24 04:39:53,454 - WooCommerceA2AAgent - ERROR - Error scraping product link: Message: stale element reference: stale element not found
  (Session info: chrome=136.0.7103.114); For documentation on this error, please visit: https://www.selenium.dev/documentation/webdriver/troubleshooting/errors#stale-element-reference-exception
Stacktrace:
	GetHandleVerifier [0x00007FF76085CF45+75717]
	GetHandleVerifier [0x00007FF76085CFA0+75808]
	(No symbol) [0x00007FF760628F9A]
	(No symbol) [0x00007FF76063F3D4]
	(No symbol) [0x00007FF76063DEA3]
	(No symbol) [0x00007FF7606316C9]
	(No symbol) [0x00007FF760631843]
	(No symbol) [0x00007FF76062F54F]
	(No symbol) [0x00007FF760633D51]
	(No symbol) [0x00007FF7606D05F8]
	(No symbol) [0x00007FF7606A737A]
	(No symbol) [0x00007FF7606CF39C]
	(No symbol) [0x00007FF7606A7153]
	(No symbol) [0x00007FF760670421]
	(No symbol) [0x00007FF7606711B3]
	GetHandleVerifier [0x00007FF760B5D71D+3223453]
	GetHandleVerifier [0x00007FF760B57CC2+3200322]
	GetHandleVerifier [0x00007FF760B75AF3+3322739]
	GetHandleVerifier [0x00007FF760876A1A+180890]
	GetHandleVerifier [0x00007FF76087E11F+211359]
	GetHandleVerifier [0x00007FF760865294+109332]
	GetHandleVerifier [0x00007FF760865442+109762]
	GetHandleVerifier [0x00007FF76084BA59+4825]
	BaseThreadInitThunk [0x00007FFB3DD7E8D7+23]
	RtlUserThreadStart [0x00007FFB3F2DC5DC+44]

2025-05-24 04:39:53,459 - WooCommerceA2AAgent - ERROR - Error scraping product link: Message: stale element reference: stale element not found
  (Session info: chrome=136.0.7103.114); For documentation on this error, please visit: https://www.selenium.dev/documentation/webdriver/troubleshooting/errors#stale-element-reference-exception
Stacktrace:
	GetHandleVerifier [0x00007FF76085CF45+75717]
	GetHandleVerifier [0x00007FF76085CFA0+75808]
	(No symbol) [0x00007FF760628F9A]
	(No symbol) [0x00007FF76063F3D4]
	(No symbol) [0x00007FF76063DEA3]
	(No symbol) [0x00007FF7606316C9]
	(No symbol) [0x00007FF760631843]
	(No symbol) [0x00007FF76062F54F]
	(No symbol) [0x00007FF760633D51]
	(No symbol) [0x00007FF7606D05F8]
	(No symbol) [0x00007FF7606A737A]
	(No symbol) [0x00007FF7606CF39C]
	(No symbol) [0x00007FF7606A7153]
	(No symbol) [0x00007FF760670421]
	(No symbol) [0x00007FF7606711B3]
	GetHandleVerifier [0x00007FF760B5D71D+3223453]
	GetHandleVerifier [0x00007FF760B57CC2+3200322]
	GetHandleVerifier [0x00007FF760B75AF3+3322739]
	GetHandleVerifier [0x00007FF760876A1A+180890]
	GetHandleVerifier [0x00007FF76087E11F+211359]
	GetHandleVerifier [0x00007FF760865294+109332]
	GetHandleVerifier [0x00007FF760865442+109762]
	GetHandleVerifier [0x00007FF76084BA59+4825]
	BaseThreadInitThunk [0x00007FFB3DD7E8D7+23]
	RtlUserThreadStart [0x00007FFB3F2DC5DC+44]

2025-05-24 04:39:53,463 - WooCommerceA2AAgent - ERROR - Error scraping product link: Message: stale element reference: stale element not found
  (Session info: chrome=136.0.7103.114); For documentation on this error, please visit: https://www.selenium.dev/documentation/webdriver/troubleshooting/errors#stale-element-reference-exception
Stacktrace:
	GetHandleVerifier [0x00007FF76085CF45+75717]
	GetHandleVerifier [0x00007FF76085CFA0+75808]
	(No symbol) [0x00007FF760628F9A]
	(No symbol) [0x00007FF76063F3D4]
	(No symbol) [0x00007FF76063DEA3]
	(No symbol) [0x00007FF7606316C9]
	(No symbol) [0x00007FF760631843]
	(No symbol) [0x00007FF76062F54F]
	(No symbol) [0x00007FF760633D51]
	(No symbol) [0x00007FF7606D05F8]
	(No symbol) [0x00007FF7606A737A]
	(No symbol) [0x00007FF7606CF39C]
	(No symbol) [0x00007FF7606A7153]
	(No symbol) [0x00007FF760670421]
	(No symbol) [0x00007FF7606711B3]
	GetHandleVerifier [0x00007FF760B5D71D+3223453]
	GetHandleVerifier [0x00007FF760B57CC2+3200322]
	GetHandleVerifier [0x00007FF760B75AF3+3322739]
	GetHandleVerifier [0x00007FF760876A1A+180890]
	GetHandleVerifier [0x00007FF76087E11F+211359]
	GetHandleVerifier [0x00007FF760865294+109332]
	GetHandleVerifier [0x00007FF760865442+109762]
	GetHandleVerifier [0x00007FF76084BA59+4825]
	BaseThreadInitThunk [0x00007FFB3DD7E8D7+23]
	RtlUserThreadStart [0x00007FFB3F2DC5DC+44]

2025-05-24 04:40:08,205 - UnifiedExtractionPipeline - INFO - SHOPIFY: 37199 products (15226 available - 40.9%)
2025-05-24 04:40:08,206 - UnifiedExtractionPipeline - INFO - WOOCOMMERCE: 1 products (1 available - 100.0%)
2025-05-24 04:40:08,207 - UnifiedExtractionPipeline - INFO - allbirds.com (shopify): 5248 products (4547 available - 86.6%)
2025-05-24 04:40:08,207 - UnifiedExtractionPipeline - INFO - gymshark.com (shopify): 31951 products (10679 available - 33.4%)
2025-05-24 04:40:08,207 - UnifiedExtractionPipeline - INFO - barefootbuttons.com (woocommerce): 1 products (1 available - 100.0%)
